{"meta": {"format": 3, "version": "7.13.3", "timestamp": "2026-02-15T11:04:45.988033", "branch_coverage": false, "show_contexts": false}, "files": {"config/__init__.py": {"executed_lines": [], "summary": {"covered_lines": 0, "num_statements": 2, "percent_covered": 0.0, "percent_covered_display": "0", "missing_lines": 2, "excluded_lines": 0, "percent_statements_covered": 0.0, "percent_statements_covered_display": "0"}, "missing_lines": [3, 5], "excluded_lines": [], "functions": {"": {"executed_lines": [], "summary": {"covered_lines": 0, "num_statements": 2, "percent_covered": 0.0, "percent_covered_display": "0", "missing_lines": 2, "excluded_lines": 0, "percent_statements_covered": 0.0, "percent_statements_covered_display": "0"}, "missing_lines": [3, 5], "excluded_lines": [], "start_line": 1}}, "classes": {"": {"executed_lines": [], "summary": {"covered_lines": 0, "num_statements": 2, "percent_covered": 0.0, "percent_covered_display": "0", "missing_lines": 2, "excluded_lines": 0, "percent_statements_covered": 0.0, "percent_statements_covered_display": "0"}, "missing_lines": [3, 5], "excluded_lines": [], "start_line": 1}}}, "config/loader.py": {"executed_lines": [13, 15, 16, 17, 18, 20, 23, 26, 32, 33, 35, 45, 46, 47, 50, 57, 64, 71, 72, 75, 82, 92, 93, 96, 99, 101, 103, 104, 105, 107, 108, 110, 112, 113, 114, 116, 117, 119, 121, 122, 124, 125, 126, 128, 129, 131, 142, 144, 145, 146, 147, 148, 150, 151, 153, 156, 158, 160, 170, 171, 172, 173, 175, 184, 185, 186, 187, 188, 190, 191, 192, 193, 196, 209, 210], "summary": {"covered_lines": 75, "num_statements": 75, "percent_covered": 100.0, "percent_covered_display": "100", "missing_lines": 0, "excluded_lines": 0, "percent_statements_covered": 100.0, "percent_statements_covered_display": "100"}, "missing_lines": [], "excluded_lines": [], "functions": {"ConfigLoader.__init__": {"executed_lines": [32, 33], "summary": {"covered_lines": 2, "num_statements": 2, "percent_covered": 100.0, "percent_covered_display": "100", "missing_lines": 0, "excluded_lines": 0, "percent_statements_covered": 100.0, "percent_statements_covered_display": "100"}, "missing_lines": [], "excluded_lines": [], "start_line": 26}, "ConfigLoader.load": {"executed_lines": [45, 46, 47, 50, 57, 64, 71, 72, 75, 82, 92, 93, 96, 99], "summary": {"covered_lines": 14, "num_statements": 14, "percent_covered": 100.0, "percent_covered_display": "100", "missing_lines": 0, "excluded_lines": 0, "percent_statements_covered": 100.0, "percent_statements_covered_display": "100"}, "missing_lines": [], "excluded_lines": [], "start_line": 35}, "ConfigLoader._load_system_defaults": {"executed_lines": [103, 104, 105, 107, 108], "summary": {"covered_lines": 5, "num_statements": 5, "percent_covered": 100.0, "percent_covered_display": "100", "missing_lines": 0, "excluded_lines": 0, "percent_statements_covered": 100.0, "percent_statements_covered_display": "100"}, "missing_lines": [], "excluded_lines": [], "start_line": 101}, "ConfigLoader._load_user_config": {"executed_lines": [112, 113, 114, 116, 117], "summary": {"covered_lines": 5, "num_statements": 5, "percent_covered": 100.0, "percent_covered_display": "100", "missing_lines": 0, "excluded_lines": 0, "percent_statements_covered": 100.0, "percent_statements_covered_display": "100"}, "missing_lines": [], "excluded_lines": [], "start_line": 110}, "ConfigLoader._load_project_config": {"executed_lines": [121, 122, 124, 125, 126, 128, 129], "summary": {"covered_lines": 7, "num_statements": 7, "percent_covered": 100.0, "percent_covered_display": "100", "missing_lines": 0, "excluded_lines": 0, "percent_statements_covered": 100.0, "percent_statements_covered_display": "100"}, "missing_lines": [], "excluded_lines": [], "start_line": 119}, "ConfigLoader._deep_merge": {"executed_lines": [142, 144, 145, 146, 147, 148, 150, 151, 153, 156, 158], "summary": {"covered_lines": 11, "num_statements": 11, "percent_covered": 100.0, "percent_covered_display": "100", "missing_lines": 0, "excluded_lines": 0, "percent_statements_covered": 100.0, "percent_statements_covered_display": "100"}, "missing_lines": [], "excluded_lines": [], "start_line": 131}, "ConfigLoader._lookup_merge": {"executed_lines": [170, 171, 172, 173], "summary": {"covered_lines": 4, "num_statements": 4, "percent_covered": 100.0, "percent_covered_display": "100", "missing_lines": 0, "excluded_lines": 0, "percent_statements_covered": 100.0, "percent_statements_covered_display": "100"}, "missing_lines": [], "excluded_lines": [], "start_line": 160}, "ConfigLoader._expand_env_vars": {"executed_lines": [184, 185, 186, 187, 188, 190, 191, 192, 193], "summary": {"covered_lines": 9, "num_statements": 9, "percent_covered": 100.0, "percent_covered_display": "100", "missing_lines": 0, "excluded_lines": 0, "percent_statements_covered": 100.0, "percent_statements_covered_display": "100"}, "missing_lines": [], "excluded_lines": [], "start_line": 175}, "load_config": {"executed_lines": [209, 210], "summary": {"covered_lines": 2, "num_statements": 2, "percent_covered": 100.0, "percent_covered_display": "100", "missing_lines": 0, "excluded_lines": 0, "percent_statements_covered": 100.0, "percent_statements_covered_display": "100"}, "missing_lines": [], "excluded_lines": [], "start_line": 196}, "": {"executed_lines": [13, 15, 16, 17, 18, 20, 23, 26, 35, 101, 110, 119, 131, 160, 175, 196], "summary": {"covered_lines": 16, "num_statements": 16, "percent_covered": 100.0, "percent_covered_display": "100", "missing_lines": 0, "excluded_lines": 0, "percent_statements_covered": 100.0, "percent_statements_covered_display": "100"}, "missing_lines": [], "excluded_lines": [], "start_line": 1}}, "classes": {"ConfigLoader": {"executed_lines": [32, 33, 45, 46, 47, 50, 57, 64, 71, 72, 75, 82, 92, 93, 96, 99, 103, 104, 105, 107, 108, 112, 113, 114, 116, 117, 121, 122, 124, 125, 126, 128, 129, 142, 144, 145, 146, 147, 148, 150, 151, 153, 156, 158, 170, 171, 172, 173, 184, 185, 186, 187, 188, 190, 191, 192, 193], "summary": {"covered_lines": 57, "num_statements": 57, "percent_covered": 100.0, "percent_covered_display": "100", "missing_lines": 0, "excluded_lines": 0, "percent_statements_covered": 100.0, "percent_statements_covered_display": "100"}, "missing_lines": [], "excluded_lines": [], "start_line": 23}, "": {"executed_lines": [13, 15, 16, 17, 18, 20, 23, 26, 35, 101, 110, 119, 131, 160, 175, 196, 209, 210], "summary": {"covered_lines": 18, "num_statements": 18, "percent_covered": 100.0, "percent_covered_display": "100", "missing_lines": 0, "excluded_lines": 0, "percent_statements_covered": 100.0, "percent_statements_covered_display": "100"}, "missing_lines": [], "excluded_lines": [], "start_line": 1}}}, "config/migrate.py": {"executed_lines": [13, 15, 16, 17, 18, 20, 23, 26, 29, 32, 38, 39, 41, 47, 50, 51, 52, 55, 56, 57, 60, 61, 62, 63, 64, 66, 68, 81, 82, 83, 85, 93, 94, 95, 96, 99, 102, 103, 104, 105, 108, 110, 111, 112, 115, 116, 119, 120, 121, 122, 125, 126, 127, 128, 130, 132, 153, 156, 157, 158, 175, 176, 179, 180, 183, 184, 187, 188, 191, 192, 194, 196, 219, 222, 223, 224, 232, 233, 234, 240, 242, 251, 254, 255, 257, 258, 259, 262, 263, 264, 265, 266, 267, 270, 271, 272, 273, 274, 276, 277, 279, 281, 291, 298, 299, 300, 301, 304, 305, 306, 307, 314, 321, 322, 328, 335, 337, 343, 344, 346, 347, 349, 352, 353, 355, 362, 363, 364, 367, 368, 369, 374, 377, 378, 379, 382, 395, 396], "summary": {"covered_lines": 138, "num_statements": 143, "percent_covered": 96.5034965034965, "percent_covered_display": "97", "missing_lines": 5, "excluded_lines": 0, "percent_statements_covered": 96.5034965034965, "percent_statements_covered_display": "97"}, "missing_lines": [275, 348, 370, 371, 372], "excluded_lines": [], "functions": {"ConfigMigrator.__init__": {"executed_lines": [38, 39], "summary": {"covered_lines": 2, "num_statements": 2, "percent_covered": 100.0, "percent_covered_display": "100", "missing_lines": 0, "excluded_lines": 0, "percent_statements_covered": 100.0, "percent_statements_covered_display": "100"}, "missing_lines": [], "excluded_lines": [], "start_line": 32}, "ConfigMigrator.detect_old_config": {"executed_lines": [47, 50, 51, 52, 55, 56, 57, 60, 61, 62, 63, 64, 66], "summary": {"covered_lines": 13, "num_statements": 13, "percent_covered": 100.0, "percent_covered_display": "100", "missing_lines": 0, "excluded_lines": 0, "percent_statements_covered": 100.0, "percent_statements_covered_display": "100"}, "missing_lines": [], "excluded_lines": [], "start_line": 41}, "ConfigMigrator.migrate": {"executed_lines": [81, 82, 83, 85, 93, 94, 95, 96, 99, 102, 103, 104, 105, 108, 110, 111, 112, 115, 116, 119, 120, 121, 122, 125, 126, 127, 128, 130], "summary": {"covered_lines": 28, "num_statements": 28, "percent_covered": 100.0, "percent_covered_display": "100", "missing_lines": 0, "excluded_lines": 0, "percent_statements_covered": 100.0, "percent_statements_covered_display": "100"}, "missing_lines": [], "excluded_lines": [], "start_line": 68}, "ConfigMigrator._convert_profile": {"executed_lines": [153, 156, 157, 158, 175, 176, 179, 180, 183, 184, 187, 188, 191, 192, 194], "summary": {"covered_lines": 15, "num_statements": 15, "percent_covered": 100.0, "percent_covered_display": "100", "missing_lines": 0, "excluded_lines": 0, "percent_statements_covered": 100.0, "percent_statements_covered_display": "100"}, "missing_lines": [], "excluded_lines": [], "start_line": 132}, "ConfigMigrator._convert_memory_config": {"executed_lines": [219, 222, 223, 224, 232, 233, 234, 240], "summary": {"covered_lines": 8, "num_statements": 8, "percent_covered": 100.0, "percent_covered_display": "100", "missing_lines": 0, "excluded_lines": 0, "percent_statements_covered": 100.0, "percent_statements_covered_display": "100"}, "missing_lines": [], "excluded_lines": [], "start_line": 196}, "ConfigMigrator._validate_config": {"executed_lines": [251, 254, 255, 257, 258, 259, 262, 263, 264, 265, 266, 267, 270, 271, 272, 273, 274, 276, 277, 279], "summary": {"covered_lines": 20, "num_statements": 21, "percent_covered": 95.23809523809524, "percent_covered_display": "95", "missing_lines": 1, "excluded_lines": 0, "percent_statements_covered": 95.23809523809524, "percent_statements_covered_display": "95"}, "missing_lines": [275], "excluded_lines": [], "start_line": 242}, "ConfigMigrator._generate_changes": {"executed_lines": [291, 298, 299, 300, 301, 304, 305, 306, 307, 314, 321, 322, 328, 335], "summary": {"covered_lines": 14, "num_statements": 14, "percent_covered": 100.0, "percent_covered_display": "100", "missing_lines": 0, "excluded_lines": 0, "percent_statements_covered": 100.0, "percent_statements_covered_display": "100"}, "missing_lines": [], "excluded_lines": [], "start_line": 281}, "ConfigMigrator._backup_files": {"executed_lines": [343, 344, 346, 347, 349, 352, 353], "summary": {"covered_lines": 7, "num_statements": 8, "percent_covered": 87.5, "percent_covered_display": "88", "missing_lines": 1, "excluded_lines": 0, "percent_statements_covered": 87.5, "percent_statements_covered_display": "88"}, "missing_lines": [348], "excluded_lines": [], "start_line": 337}, "ConfigMigrator.rollback": {"executed_lines": [362, 363, 364, 367, 368, 369, 374, 377, 378, 379], "summary": {"covered_lines": 10, "num_statements": 13, "percent_covered": 76.92307692307692, "percent_covered_display": "77", "missing_lines": 3, "excluded_lines": 0, "percent_statements_covered": 76.92307692307692, "percent_statements_covered_display": "77"}, "missing_lines": [370, 371, 372], "excluded_lines": [], "start_line": 355}, "migrate_config": {"executed_lines": [395, 396], "summary": {"covered_lines": 2, "num_statements": 2, "percent_covered": 100.0, "percent_covered_display": "100", "missing_lines": 0, "excluded_lines": 0, "percent_statements_covered": 100.0, "percent_statements_covered_display": "100"}, "missing_lines": [], "excluded_lines": [], "start_line": 382}, "": {"executed_lines": [13, 15, 16, 17, 18, 20, 23, 26, 29, 32, 41, 68, 132, 196, 242, 281, 337, 355, 382], "summary": {"covered_lines": 19, "num_statements": 19, "percent_covered": 100.0, "percent_covered_display": "100", "missing_lines": 0, "excluded_lines": 0, "percent_statements_covered": 100.0, "percent_statements_covered_display": "100"}, "missing_lines": [], "excluded_lines": [], "start_line": 1}}, "classes": {"ConfigMigrationError": {"executed_lines": [], "summary": {"covered_lines": 0, "num_statements": 0, "percent_covered": 100.0, "percent_covered_display": "100", "missing_lines": 0, "excluded_lines": 0, "percent_statements_covered": 100.0, "percent_statements_covered_display": "100"}, "missing_lines": [], "excluded_lines": [], "start_line": 23}, "ConfigMigrator": {"executed_lines": [38, 39, 47, 50, 51, 52, 55, 56, 57, 60, 61, 62, 63, 64, 66, 81, 82, 83, 85, 93, 94, 95, 96, 99, 102, 103, 104, 105, 108, 110, 111, 112, 115, 116, 119, 120, 121, 122, 125, 126, 127, 128, 130, 153, 156, 157, 158, 175, 176, 179, 180, 183, 184, 187, 188, 191, 192, 194, 219, 222, 223, 224, 232, 233, 234, 240, 251, 254, 255, 257, 258, 259, 262, 263, 264, 265, 266, 267, 270, 271, 272, 273, 274, 276, 277, 279, 291, 298, 299, 300, 301, 304, 305, 306, 307, 314, 321, 322, 328, 335, 343, 344, 346, 347, 349, 352, 353, 362, 363, 364, 367, 368, 369, 374, 377, 378, 379], "summary": {"covered_lines": 117, "num_statements": 122, "percent_covered": 95.90163934426229, "percent_covered_display": "96", "missing_lines": 5, "excluded_lines": 0, "percent_statements_covered": 95.90163934426229, "percent_statements_covered_display": "96"}, "missing_lines": [275, 348, 370, 371, 372], "excluded_lines": [], "start_line": 29}, "": {"executed_lines": [13, 15, 16, 17, 18, 20, 23, 26, 29, 32, 41, 68, 132, 196, 242, 281, 337, 355, 382, 395, 396], "summary": {"covered_lines": 21, "num_statements": 21, "percent_covered": 100.0, "percent_covered_display": "100", "missing_lines": 0, "excluded_lines": 0, "percent_statements_covered": 100.0, "percent_statements_covered_display": "100"}, "missing_lines": [], "excluded_lines": [], "start_line": 1}}}, "config/schema.py": {"executed_lines": [10, 12, 13, 14, 16, 17, 24, 27, 28, 29, 30, 33, 36, 37, 38, 39, 40, 41, 42, 43, 44, 45, 46, 47, 48, 50, 51, 52, 54, 55, 56, 57, 58, 59, 67, 70, 71, 72, 73, 76, 79, 80, 81, 84, 87, 88, 96, 99, 100, 103, 106, 107, 108, 109, 110, 113, 116, 117, 120, 123, 124, 127, 130, 131, 134, 137, 138, 139, 142, 145, 146, 147, 148, 149, 152, 155, 156, 159, 162, 163, 164, 167, 170, 171, 172, 175, 178, 179, 182, 185, 186, 189, 192, 193, 196, 199, 200, 201, 202, 210, 213, 214, 215, 218, 221, 222, 230, 233, 234, 235, 237, 238, 239, 241, 242, 243, 245, 253, 267, 277, 278, 279, 280, 281, 284, 295, 296, 298, 299, 300, 302, 303, 304, 305, 306, 307, 308, 309, 311, 312, 320, 322, 323, 324, 328, 330, 332, 344, 345, 347, 348, 350, 351, 352, 353, 354, 355, 356, 357, 359], "summary": {"covered_lines": 160, "num_statements": 161, "percent_covered": 99.37888198757764, "percent_covered_display": "99", "missing_lines": 1, "excluded_lines": 0, "percent_statements_covered": 99.37888198757764, "percent_statements_covered_display": "99"}, "missing_lines": [244], "excluded_lines": [], "functions": {"APIConfig.normalize_base_url": {"executed_lines": [54, 55, 56, 57, 58, 59], "summary": {"covered_lines": 6, "num_statements": 6, "percent_covered": 100.0, "percent_covered_display": "100", "missing_lines": 0, "excluded_lines": 0, "percent_statements_covered": 100.0, "percent_statements_covered_display": "100"}, "missing_lines": [], "excluded_lines": [], "start_line": 52}, "SkillsConfig.validate_paths": {"executed_lines": [241, 242, 243, 245], "summary": {"covered_lines": 4, "num_statements": 5, "percent_covered": 80.0, "percent_covered_display": "80", "missing_lines": 1, "excluded_lines": 0, "percent_statements_covered": 80.0, "percent_statements_covered_display": "80"}, "missing_lines": [244], "excluded_lines": [], "start_line": 239}, "LeonSettings.validate_workspace_root": {"executed_lines": [302, 303, 304, 305, 306, 307, 308, 309], "summary": {"covered_lines": 8, "num_statements": 8, "percent_covered": 100.0, "percent_covered_display": "100", "missing_lines": 0, "excluded_lines": 0, "percent_statements_covered": 100.0, "percent_statements_covered_display": "100"}, "missing_lines": [], "excluded_lines": [], "start_line": 300}, "LeonSettings.validate_api_keys": {"executed_lines": [320, 322, 323, 324, 328, 330], "summary": {"covered_lines": 6, "num_statements": 6, "percent_covered": 100.0, "percent_covered_display": "100", "missing_lines": 0, "excluded_lines": 0, "percent_statements_covered": 100.0, "percent_statements_covered_display": "100"}, "missing_lines": [], "excluded_lines": [], "start_line": 312}, "LeonSettings.resolve_model": {"executed_lines": [344, 345, 347, 348, 350, 351, 352, 353, 354, 355, 356, 357, 359], "summary": {"covered_lines": 13, "num_statements": 13, "percent_covered": 100.0, "percent_covered_display": "100", "missing_lines": 0, "excluded_lines": 0, "percent_statements_covered": 100.0, "percent_statements_covered_display": "100"}, "missing_lines": [], "excluded_lines": [], "start_line": 332}, "": {"executed_lines": [10, 12, 13, 14, 16, 17, 24, 27, 28, 29, 30, 33, 36, 37, 38, 39, 40, 41, 42, 43, 44, 45, 46, 47, 48, 50, 51, 52, 67, 70, 71, 72, 73, 76, 79, 80, 81, 84, 87, 88, 96, 99, 100, 103, 106, 107, 108, 109, 110, 113, 116, 117, 120, 123, 124, 127, 130, 131, 134, 137, 138, 139, 142, 145, 146, 147, 148, 149, 152, 155, 156, 159, 162, 163, 164, 167, 170, 171, 172, 175, 178, 179, 182, 185, 186, 189, 192, 193, 196, 199, 200, 201, 202, 210, 213, 214, 215, 218, 221, 222, 230, 233, 234, 235, 237, 238, 239, 253, 267, 277, 278, 279, 280, 281, 284, 295, 296, 298, 299, 300, 311, 312, 332], "summary": {"covered_lines": 123, "num_statements": 123, "percent_covered": 100.0, "percent_covered_display": "100", "missing_lines": 0, "excluded_lines": 0, "percent_statements_covered": 100.0, "percent_statements_covered_display": "100"}, "missing_lines": [], "excluded_lines": [], "start_line": 1}}, "classes": {"ModelSpec": {"executed_lines": [], "summary": {"covered_lines": 0, "num_statements": 0, "percent_covered": 100.0, "percent_covered_display": "100", "missing_lines": 0, "excluded_lines": 0, "percent_statements_covered": 100.0, "percent_statements_covered_display": "100"}, "missing_lines": [], "excluded_lines": [], "start_line": 24}, "APIConfig": {"executed_lines": [54, 55, 56, 57, 58, 59], "summary": {"covered_lines": 6, "num_statements": 6, "percent_covered": 100.0, "percent_covered_display": "100", "missing_lines": 0, "excluded_lines": 0, "percent_statements_covered": 100.0, "percent_statements_covered_display": "100"}, "missing_lines": [], "excluded_lines": [], "start_line": 33}, "PruningConfig": {"executed_lines": [], "summary": {"covered_lines": 0, "num_statements": 0, "percent_covered": 100.0, "percent_covered_display": "100", "missing_lines": 0, "excluded_lines": 0, "percent_statements_covered": 100.0, "percent_statements_covered_display": "100"}, "missing_lines": [], "excluded_lines": [], "start_line": 67}, "CompactionConfig": {"executed_lines": [], "summary": {"covered_lines": 0, "num_statements": 0, "percent_covered": 100.0, "percent_covered_display": "100", "missing_lines": 0, "excluded_lines": 0, "percent_statements_covered": 100.0, "percent_statements_covered_display": "100"}, "missing_lines": [], "excluded_lines": [], "start_line": 76}, "MemoryConfig": {"executed_lines": [], "summary": {"covered_lines": 0, "num_statements": 0, "percent_covered": 100.0, "percent_covered_display": "100", "missing_lines": 0, "excluded_lines": 0, "percent_statements_covered": 100.0, "percent_statements_covered_display": "100"}, "missing_lines": [], "excluded_lines": [], "start_line": 84}, "ReadFileConfig": {"executed_lines": [], "summary": {"covered_lines": 0, "num_statements": 0, "percent_covered": 100.0, "percent_covered_display": "100", "missing_lines": 0, "excluded_lines": 0, "percent_statements_covered": 100.0, "percent_statements_covered_display": "100"}, "missing_lines": [], "excluded_lines": [], "start_line": 96}, "FileSystemToolsConfig": {"executed_lines": [], "summary": {"covered_lines": 0, "num_statements": 0, "percent_covered": 100.0, "percent_covered_display": "100", "missing_lines": 0, "excluded_lines": 0, "percent_statements_covered": 100.0, "percent_statements_covered_display": "100"}, "missing_lines": [], "excluded_lines": [], "start_line": 103}, "FileSystemConfig": {"executed_lines": [], "summary": {"covered_lines": 0, "num_statements": 0, "percent_covered": 100.0, "percent_covered_display": "100", "missing_lines": 0, "excluded_lines": 0, "percent_statements_covered": 100.0, "percent_statements_covered_display": "100"}, "missing_lines": [], "excluded_lines": [], "start_line": 113}, "GrepSearchConfig": {"executed_lines": [], "summary": {"covered_lines": 0, "num_statements": 0, "percent_covered": 100.0, "percent_covered_display": "100", "missing_lines": 0, "excluded_lines": 0, "percent_statements_covered": 100.0, "percent_statements_covered_display": "100"}, "missing_lines": [], "excluded_lines": [], "start_line": 120}, "SearchToolsConfig": {"executed_lines": [], "summary": {"covered_lines": 0, "num_statements": 0, "percent_covered": 100.0, "percent_covered_display": "100", "missing_lines": 0, "excluded_lines": 0, "percent_statements_covered": 100.0, "percent_statements_covered_display": "100"}, "missing_lines": [], "excluded_lines": [], "start_line": 127}, "SearchConfig": {"executed_lines": [], "summary": {"covered_lines": 0, "num_statements": 0, "percent_covered": 100.0, "percent_covered_display": "100", "missing_lines": 0, "excluded_lines": 0, "percent_statements_covered": 100.0, "percent_statements_covered_display": "100"}, "missing_lines": [], "excluded_lines": [], "start_line": 134}, "WebSearchConfig": {"executed_lines": [], "summary": {"covered_lines": 0, "num_statements": 0, "percent_covered": 100.0, "percent_covered_display": "100", "missing_lines": 0, "excluded_lines": 0, "percent_statements_covered": 100.0, "percent_statements_covered_display": "100"}, "missing_lines": [], "excluded_lines": [], "start_line": 142}, "ReadUrlConfig": {"executed_lines": [], "summary": {"covered_lines": 0, "num_statements": 0, "percent_covered": 100.0, "percent_covered_display": "100", "missing_lines": 0, "excluded_lines": 0, "percent_statements_covered": 100.0, "percent_statements_covered_display": "100"}, "missing_lines": [], "excluded_lines": [], "start_line": 152}, "WebToolsConfig": {"executed_lines": [], "summary": {"covered_lines": 0, "num_statements": 0, "percent_covered": 100.0, "percent_covered_display": "100", "missing_lines": 0, "excluded_lines": 0, "percent_statements_covered": 100.0, "percent_statements_covered_display": "100"}, "missing_lines": [], "excluded_lines": [], "start_line": 159}, "WebConfig": {"executed_lines": [], "summary": {"covered_lines": 0, "num_statements": 0, "percent_covered": 100.0, "percent_covered_display": "100", "missing_lines": 0, "excluded_lines": 0, "percent_statements_covered": 100.0, "percent_statements_covered_display": "100"}, "missing_lines": [], "excluded_lines": [], "start_line": 167}, "RunCommandConfig": {"executed_lines": [], "summary": {"covered_lines": 0, "num_statements": 0, "percent_covered": 100.0, "percent_covered_display": "100", "missing_lines": 0, "excluded_lines": 0, "percent_statements_covered": 100.0, "percent_statements_covered_display": "100"}, "missing_lines": [], "excluded_lines": [], "start_line": 175}, "CommandToolsConfig": {"executed_lines": [], "summary": {"covered_lines": 0, "num_statements": 0, "percent_covered": 100.0, "percent_covered_display": "100", "missing_lines": 0, "excluded_lines": 0, "percent_statements_covered": 100.0, "percent_statements_covered_display": "100"}, "missing_lines": [], "excluded_lines": [], "start_line": 182}, "CommandConfig": {"executed_lines": [], "summary": {"covered_lines": 0, "num_statements": 0, "percent_covered": 100.0, "percent_covered_display": "100", "missing_lines": 0, "excluded_lines": 0, "percent_statements_covered": 100.0, "percent_statements_covered_display": "100"}, "missing_lines": [], "excluded_lines": [], "start_line": 189}, "ToolsConfig": {"executed_lines": [], "summary": {"covered_lines": 0, "num_statements": 0, "percent_covered": 100.0, "percent_covered_display": "100", "missing_lines": 0, "excluded_lines": 0, "percent_statements_covered": 100.0, "percent_statements_covered_display": "100"}, "missing_lines": [], "excluded_lines": [], "start_line": 196}, "MCPServerConfig": {"executed_lines": [], "summary": {"covered_lines": 0, "num_statements": 0, "percent_covered": 100.0, "percent_covered_display": "100", "missing_lines": 0, "excluded_lines": 0, "percent_statements_covered": 100.0, "percent_statements_covered_display": "100"}, "missing_lines": [], "excluded_lines": [], "start_line": 210}, "MCPConfig": {"executed_lines": [], "summary": {"covered_lines": 0, "num_statements": 0, "percent_covered": 100.0, "percent_covered_display": "100", "missing_lines": 0, "excluded_lines": 0, "percent_statements_covered": 100.0, "percent_statements_covered_display": "100"}, "missing_lines": [], "excluded_lines": [], "start_line": 218}, "SkillsConfig": {"executed_lines": [241, 242, 243, 245], "summary": {"covered_lines": 4, "num_statements": 5, "percent_covered": 80.0, "percent_covered_display": "80", "missing_lines": 1, "excluded_lines": 0, "percent_statements_covered": 80.0, "percent_statements_covered_display": "80"}, "missing_lines": [244], "excluded_lines": [], "start_line": 230}, "LeonSettings": {"executed_lines": [302, 303, 304, 305, 306, 307, 308, 309, 320, 322, 323, 324, 328, 330, 344, 345, 347, 348, 350, 351, 352, 353, 354, 355, 356, 357, 359], "summary": {"covered_lines": 27, "num_statements": 27, "percent_covered": 100.0, "percent_covered_display": "100", "missing_lines": 0, "excluded_lines": 0, "percent_statements_covered": 100.0, "percent_statements_covered_display": "100"}, "missing_lines": [], "excluded_lines": [], "start_line": 253}, "": {"executed_lines": [10, 12, 13, 14, 16, 17, 24, 27, 28, 29, 30, 33, 36, 37, 38, 39, 40, 41, 42, 43, 44, 45, 46, 47, 48, 50, 51, 52, 67, 70, 71, 72, 73, 76, 79, 80, 81, 84, 87, 88, 96, 99, 100, 103, 106, 107, 108, 109, 110, 113, 116, 117, 120, 123, 124, 127, 130, 131, 134, 137, 138, 139, 142, 145, 146, 147, 148, 149, 152, 155, 156, 159, 162, 163, 164, 167, 170, 171, 172, 175, 178, 179, 182, 185, 186, 189, 192, 193, 196, 199, 200, 201, 202, 210, 213, 214, 215, 218, 221, 222, 230, 233, 234, 235, 237, 238, 239, 253, 267, 277, 278, 279, 280, 281, 284, 295, 296, 298, 299, 300, 311, 312, 332], "summary": {"covered_lines": 123, "num_statements": 123, "percent_covered": 100.0, "percent_covered_display": "100", "missing_lines": 0, "excluded_lines": 0, "percent_statements_covered": 100.0, "percent_statements_covered_display": "100"}, "missing_lines": [], "excluded_lines": [], "start_line": 1}}}}, "totals": {"covered_lines": 373, "num_statements": 381, "percent_covered": 97.9002624671916, "percent_covered_display": "98", "missing_lines": 8, "excluded_lines": 0, "percent_statements_covered": 97.9002624671916, "percent_statements_covered_display": "98"}}